# JRE version: OpenJDK Runtime Environment (8.0_152-b01) (build 1.8.0_152-release-915-b01)
# Java VM: OpenJDK 64-Bit Server VM (25.152-b01 mixed mode linux-amd64 compressed oops)
Heap:
 PSYoungGen      total 245248K, used 14846K [0x00000000e0000000, 0x00000000efe00000, 0x0000000100000000)
  eden space 230400K, 0% used [0x00000000e0000000,0x00000000e0000000,0x00000000ee100000)
  from space 14848K, 99% used [0x00000000ee100000,0x00000000eef7f8f0,0x00000000eef80000)
  to   space 10752K, 0% used [0x00000000ef380000,0x00000000ef380000,0x00000000efe00000)
 ParOldGen       total 69120K, used 22057K [0x00000000a0000000, 0x00000000a4380000, 0x00000000e0000000)
  object space 69120K, 31% used [0x00000000a0000000,0x00000000a158a710,0x00000000a4380000)
 Metaspace       used 47357K, capacity 48380K, committed 48600K, reserved 1091584K
  class space    used 6295K, capacity 6608K, committed 6656K, reserved 1048576K
GC Heap History (10 events):
Event: 4.050 GC heap after
Heap after GC invocations=4 (full 0):
 PSYoungGen      total 132096K, used 5108K [0x00000000e0000000, 0x00000000e8600000, 0x0000000100000000)
  eden space 126976K, 0% used [0x00000000e0000000,0x00000000e0000000,0x00000000e7c00000)
  from space 5120K, 99% used [0x00000000e8100000,0x00000000e85fd030,0x00000000e8600000)
  to   space 5120K, 0% used [0x00000000e7c00000,0x00000000e7c00000,0x00000000e8100000)
 ParOldGen       total 84992K, used 8417K [0x00000000a0000000, 0x00000000a5300000, 0x00000000e0000000)
  object space 84992K, 9% used [0x00000000a0000000,0x00000000a08386f8,0x00000000a5300000)
 Metaspace       used 20627K, capacity 21064K, committed 21248K, reserved 1067008K
  class space    used 2866K, capacity 3037K, committed 3072K, reserved 1048576K
}
Event: 4.050 GC heap before
{Heap before GC invocations=5 (full 1):
 PSYoungGen      total 132096K, used 5108K [0x00000000e0000000, 0x00000000e8600000, 0x0000000100000000)
  eden space 126976K, 0% used [0x00000000e0000000,0x00000000e0000000,0x00000000e7c00000)
  from space 5120K, 99% used [0x00000000e8100000,0x00000000e85fd030,0x00000000e8600000)
  to   space 5120K, 0% used [0x00000000e7c00000,0x00000000e7c00000,0x00000000e8100000)
 ParOldGen       total 84992K, used 8417K [0x00000000a0000000, 0x00000000a5300000, 0x00000000e0000000)
  object space 84992K, 9% used [0x00000000a0000000,0x00000000a08386f8,0x00000000a5300000)
 Metaspace       used 20627K, capacity 21064K, committed 21248K, reserved 1067008K
  class space    used 2866K, capacity 3037K, committed 3072K, reserved 1048576K
Event: 4.110 GC heap after
Heap after GC invocations=5 (full 1):
 PSYoungGen      total 132096K, used 0K [0x00000000e0000000, 0x00000000e8600000, 0x0000000100000000)
  eden space 126976K, 0% used [0x00000000e0000000,0x00000000e0000000,0x00000000e7c00000)
  from space 5120K, 0% used [0x00000000e8100000,0x00000000e8100000,0x00000000e8600000)
  to   space 5120K, 0% used [0x00000000e7c00000,0x00000000e7c00000,0x00000000e8100000)
 ParOldGen       total 50688K, used 7342K [0x00000000a0000000, 0x00000000a3180000, 0x00000000e0000000)
  object space 50688K, 14% used [0x00000000a0000000,0x00000000a072b920,0x00000000a3180000)
 Metaspace       used 20627K, capacity 21064K, committed 21248K, reserved 1067008K
  class space    used 2866K, capacity 3037K, committed 3072K, reserved 1048576K
}
Event: 7.509 GC heap before
{Heap before GC invocations=6 (full 1):
 PSYoungGen      total 132096K, used 126976K [0x00000000e0000000, 0x00000000e8600000, 0x0000000100000000)
  eden space 126976K, 100% used [0x00000000e0000000,0x00000000e7c00000,0x00000000e7c00000)
  from space 5120K, 0% used [0x00000000e8100000,0x00000000e8100000,0x00000000e8600000)
  to   space 5120K, 0% used [0x00000000e7c00000,0x00000000e7c00000,0x00000000e8100000)
 ParOldGen       total 50688K, used 7342K [0x00000000a0000000, 0x00000000a3180000, 0x00000000e0000000)
  object space 50688K, 14% used [0x00000000a0000000,0x00000000a072b920,0x00000000a3180000)
 Metaspace       used 29992K, capacity 30474K, committed 30720K, reserved 1075200K
  class space    used 4104K, capacity 4286K, committed 4352K, reserved 1048576K
Event: 7.548 GC heap after
Heap after GC invocations=6 (full 1):
 PSYoungGen      total 132096K, used 5088K [0x00000000e0000000, 0x00000000f0200000, 0x0000000100000000)
  eden space 126976K, 0% used [0x00000000e0000000,0x00000000e0000000,0x00000000e7c00000)
  from space 5120K, 99% used [0x00000000e7c00000,0x00000000e80f8010,0x00000000e8100000)
  to   space 14848K, 0% used [0x00000000ef380000,0x00000000ef380000,0x00000000f0200000)
 ParOldGen       total 50688K, used 13565K [0x00000000a0000000, 0x00000000a3180000, 0x00000000e0000000)
  object space 50688K, 26% used [0x00000000a0000000,0x00000000a0d3f500,0x00000000a3180000)
 Metaspace       used 29992K, capacity 30474K, committed 30720K, reserved 1075200K
  class space    used 4104K, capacity 4286K, committed 4352K, reserved 1048576K
}
Event: 9.906 GC heap before
{Heap before GC invocations=7 (full 1):
 PSYoungGen      total 132096K, used 70030K [0x00000000e0000000, 0x00000000f0200000, 0x0000000100000000)
  eden space 126976K, 51% used [0x00000000e0000000,0x00000000e3f6ba18,0x00000000e7c00000)
  from space 5120K, 99% used [0x00000000e7c00000,0x00000000e80f8010,0x00000000e8100000)
  to   space 14848K, 0% used [0x00000000ef380000,0x00000000ef380000,0x00000000f0200000)
 ParOldGen       total 50688K, used 13565K [0x00000000a0000000, 0x00000000a3180000, 0x00000000e0000000)
  object space 50688K, 26% used [0x00000000a0000000,0x00000000a0d3f500,0x00000000a3180000)
 Metaspace       used 34547K, capacity 35224K, committed 35416K, reserved 1079296K
  class space    used 4688K, capacity 4962K, committed 4992K, reserved 1048576K
Event: 9.941 GC heap after
Heap after GC invocations=7 (full 1):
 PSYoungGen      total 241152K, used 9607K [0x00000000e0000000, 0x00000000efe00000, 0x0000000100000000)
  eden space 230400K, 0% used [0x00000000e0000000,0x00000000e0000000,0x00000000ee100000)
  from space 10752K, 89% used [0x00000000ef380000,0x00000000efce1eb8,0x00000000efe00000)
  to   space 14848K, 0% used [0x00000000ee100000,0x00000000ee100000,0x00000000eef80000)
 ParOldGen       total 50688K, used 13645K [0x00000000a0000000, 0x00000000a3180000, 0x00000000e0000000)
  object space 50688K, 26% used [0x00000000a0000000,0x00000000a0d53510,0x00000000a3180000)
 Metaspace       used 34547K, capacity 35224K, committed 35416K, reserved 1079296K
  class space    used 4688K, capacity 4962K, committed 4992K, reserved 1048576K
}
Event: 9.941 GC heap before
{Heap before GC invocations=8 (full 2):
 PSYoungGen      total 241152K, used 9607K [0x00000000e0000000, 0x00000000efe00000, 0x0000000100000000)
  eden space 230400K, 0% used [0x00000000e0000000,0x00000000e0000000,0x00000000ee100000)
  from space 10752K, 89% used [0x00000000ef380000,0x00000000efce1eb8,0x00000000efe00000)
  to   space 14848K, 0% used [0x00000000ee100000,0x00000000ee100000,0x00000000eef80000)
 ParOldGen       total 50688K, used 13645K [0x00000000a0000000, 0x00000000a3180000, 0x00000000e0000000)
  object space 50688K, 26% used [0x00000000a0000000,0x00000000a0d53510,0x00000000a3180000)
 Metaspace       used 34547K, capacity 35224K, committed 35416K, reserved 1079296K
  class space    used 4688K, capacity 4962K, committed 4992K, reserved 1048576K
Event: 10.031 GC heap after
Heap after GC invocations=8 (full 2):
 PSYoungGen      total 241152K, used 0K [0x00000000e0000000, 0x00000000efe00000, 0x0000000100000000)
  eden space 230400K, 0% used [0x00000000e0000000,0x00000000e0000000,0x00000000ee100000)
  from space 10752K, 0% used [0x00000000ef380000,0x00000000ef380000,0x00000000efe00000)
  to   space 14848K, 0% used [0x00000000ee100000,0x00000000ee100000,0x00000000eef80000)
 ParOldGen       total 69120K, used 16896K [0x00000000a0000000, 0x00000000a4380000, 0x00000000e0000000)
  object space 69120K, 24% used [0x00000000a0000000,0x00000000a1080010,0x00000000a4380000)
 Metaspace       used 34547K, capacity 35224K, committed 35416K, reserved 1079296K
  class space    used 4688K, capacity 4962K, committed 4992K, reserved 1048576K
}
Event: 14.974 GC heap before
{Heap before GC invocations=9 (full 2):
 PSYoungGen      total 241152K, used 230400K [0x00000000e0000000, 0x00000000efe00000, 0x0000000100000000)
  eden space 230400K, 100% used [0x00000000e0000000,0x00000000ee100000,0x00000000ee100000)
  from space 10752K, 0% used [0x00000000ef380000,0x00000000ef380000,0x00000000efe00000)
  to   space 14848K, 0% used [0x00000000ee100000,0x00000000ee100000,0x00000000eef80000)
 ParOldGen       total 69120K, used 16896K [0x00000000a0000000, 0x00000000a4380000, 0x00000000e0000000)
  object space 69120K, 24% used [0x00000000a0000000,0x00000000a1080010,0x00000000a4380000)
 Metaspace       used 47357K, capacity 48380K, committed 48600K, reserved 1091584K
  class space    used 6295K, capacity 6608K, committed 6656K, reserved 1048576K

