# JRE version: OpenJDK Runtime Environment (8.0_152-b01) (build 1.8.0_152-release-915-b01)
# Java VM: OpenJDK 64-Bit Server VM (25.152-b01 mixed mode linux-amd64 compressed oops)
Heap:
 PSYoungGen      total 125440K, used 18936K [0x00000000e0000000, 0x00000000e9880000, 0x0000000100000000)
  eden space 106496K, 0% used [0x00000000e0000000,0x00000000e0000000,0x00000000e6800000)
  from space 18944K, 99% used [0x00000000e6800000,0x00000000e7a7e378,0x00000000e7a80000)
  to   space 5120K, 0% used [0x00000000e7a80000,0x00000000e7a80000,0x00000000e7f80000)
 ParOldGen       total 73728K, used 24628K [0x00000000a0000000, 0x00000000a4800000, 0x00000000e0000000)
  object space 73728K, 33% used [0x00000000a0000000,0x00000000a180d200,0x00000000a4800000)
 Metaspace       used 39599K, capacity 40194K, committed 40576K, reserved 1085440K
  class space    used 4978K, capacity 5131K, committed 5248K, reserved 1048576K
GC Heap History (10 events):
Event: 1.871 GC heap after
Heap after GC invocations=5 (full 1):
 PSYoungGen      total 68608K, used 4020K [0x00000000e0000000, 0x00000000e4800000, 0x0000000100000000)
  eden space 63488K, 0% used [0x00000000e0000000,0x00000000e0000000,0x00000000e3e00000)
  from space 5120K, 78% used [0x00000000e4300000,0x00000000e46ed3b0,0x00000000e4800000)
  to   space 5120K, 0% used [0x00000000e3e00000,0x00000000e3e00000,0x00000000e4300000)
 ParOldGen       total 84992K, used 9034K [0x00000000a0000000, 0x00000000a5300000, 0x00000000e0000000)
  object space 84992K, 10% used [0x00000000a0000000,0x00000000a08d2ae0,0x00000000a5300000)
 Metaspace       used 20797K, capacity 21112K, committed 21296K, reserved 1069056K
  class space    used 2571K, capacity 2684K, committed 2688K, reserved 1048576K
}
Event: 1.871 GC heap before
{Heap before GC invocations=6 (full 2):
 PSYoungGen      total 68608K, used 4020K [0x00000000e0000000, 0x00000000e4800000, 0x0000000100000000)
  eden space 63488K, 0% used [0x00000000e0000000,0x00000000e0000000,0x00000000e3e00000)
  from space 5120K, 78% used [0x00000000e4300000,0x00000000e46ed3b0,0x00000000e4800000)
  to   space 5120K, 0% used [0x00000000e3e00000,0x00000000e3e00000,0x00000000e4300000)
 ParOldGen       total 84992K, used 9034K [0x00000000a0000000, 0x00000000a5300000, 0x00000000e0000000)
  object space 84992K, 10% used [0x00000000a0000000,0x00000000a08d2ae0,0x00000000a5300000)
 Metaspace       used 20797K, capacity 21112K, committed 21296K, reserved 1069056K
  class space    used 2571K, capacity 2684K, committed 2688K, reserved 1048576K
Event: 1.902 GC heap after
Heap after GC invocations=6 (full 2):
 PSYoungGen      total 68608K, used 0K [0x00000000e0000000, 0x00000000e4800000, 0x0000000100000000)
  eden space 63488K, 0% used [0x00000000e0000000,0x00000000e0000000,0x00000000e3e00000)
  from space 5120K, 0% used [0x00000000e4300000,0x00000000e4300000,0x00000000e4800000)
  to   space 5120K, 0% used [0x00000000e3e00000,0x00000000e3e00000,0x00000000e4300000)
 ParOldGen       total 45568K, used 5445K [0x00000000a0000000, 0x00000000a2c80000, 0x00000000e0000000)
  object space 45568K, 11% used [0x00000000a0000000,0x00000000a0551758,0x00000000a2c80000)
 Metaspace       used 20797K, capacity 21112K, committed 21296K, reserved 1069056K
  class space    used 2571K, capacity 2684K, committed 2688K, reserved 1048576K
}
Event: 3.411 GC heap before
{Heap before GC invocations=7 (full 2):
 PSYoungGen      total 68608K, used 63488K [0x00000000e0000000, 0x00000000e4800000, 0x0000000100000000)
  eden space 63488K, 100% used [0x00000000e0000000,0x00000000e3e00000,0x00000000e3e00000)
  from space 5120K, 0% used [0x00000000e4300000,0x00000000e4300000,0x00000000e4800000)
  to   space 5120K, 0% used [0x00000000e3e00000,0x00000000e3e00000,0x00000000e4300000)
 ParOldGen       total 45568K, used 5445K [0x00000000a0000000, 0x00000000a2c80000, 0x00000000e0000000)
  object space 45568K, 11% used [0x00000000a0000000,0x00000000a0551758,0x00000000a2c80000)
 Metaspace       used 28629K, capacity 29022K, committed 29440K, reserved 1075200K
  class space    used 3676K, capacity 3815K, committed 3840K, reserved 1048576K
Event: 3.429 GC heap after
Heap after GC invocations=7 (full 2):
 PSYoungGen      total 68608K, used 5100K [0x00000000e0000000, 0x00000000e7f80000, 0x0000000100000000)
  eden space 63488K, 0% used [0x00000000e0000000,0x00000000e0000000,0x00000000e3e00000)
  from space 5120K, 99% used [0x00000000e3e00000,0x00000000e42fb178,0x00000000e4300000)
  to   space 5120K, 0% used [0x00000000e7a80000,0x00000000e7a80000,0x00000000e7f80000)
 ParOldGen       total 45568K, used 14693K [0x00000000a0000000, 0x00000000a2c80000, 0x00000000e0000000)
  object space 45568K, 32% used [0x00000000a0000000,0x00000000a0e594e0,0x00000000a2c80000)
 Metaspace       used 28629K, capacity 29022K, committed 29440K, reserved 1075200K
  class space    used 3676K, capacity 3815K, committed 3840K, reserved 1048576K
}
Event: 4.797 GC heap before
{Heap before GC invocations=8 (full 2):
 PSYoungGen      total 68608K, used 41863K [0x00000000e0000000, 0x00000000e7f80000, 0x0000000100000000)
  eden space 63488K, 57% used [0x00000000e0000000,0x00000000e23e6e50,0x00000000e3e00000)
  from space 5120K, 99% used [0x00000000e3e00000,0x00000000e42fb178,0x00000000e4300000)
  to   space 5120K, 0% used [0x00000000e7a80000,0x00000000e7a80000,0x00000000e7f80000)
 ParOldGen       total 45568K, used 14693K [0x00000000a0000000, 0x00000000a2c80000, 0x00000000e0000000)
  object space 45568K, 32% used [0x00000000a0000000,0x00000000a0e594e0,0x00000000a2c80000)
 Metaspace       used 34752K, capacity 35210K, committed 35496K, reserved 1081344K
  class space    used 4439K, capacity 4579K, committed 4608K, reserved 1048576K
Event: 4.837 GC heap after
Heap after GC invocations=8 (full 2):
 PSYoungGen      total 111616K, used 5112K [0x00000000e0000000, 0x00000000e9880000, 0x0000000100000000)
  eden space 106496K, 0% used [0x00000000e0000000,0x00000000e0000000,0x00000000e6800000)
  from space 5120K, 99% used [0x00000000e7a80000,0x00000000e7f7e158,0x00000000e7f80000)
  to   space 18944K, 0% used [0x00000000e6800000,0x00000000e6800000,0x00000000e7a80000)
 ParOldGen       total 45568K, used 24251K [0x00000000a0000000, 0x00000000a2c80000, 0x00000000e0000000)
  object space 45568K, 53% used [0x00000000a0000000,0x00000000a17aee70,0x00000000a2c80000)
 Metaspace       used 34752K, capacity 35210K, committed 35496K, reserved 1081344K
  class space    used 4439K, capacity 4579K, committed 4608K, reserved 1048576K
}
Event: 4.837 GC heap before
{Heap before GC invocations=9 (full 3):
 PSYoungGen      total 111616K, used 5112K [0x00000000e0000000, 0x00000000e9880000, 0x0000000100000000)
  eden space 106496K, 0% used [0x00000000e0000000,0x00000000e0000000,0x00000000e6800000)
  from space 5120K, 99% used [0x00000000e7a80000,0x00000000e7f7e158,0x00000000e7f80000)
  to   space 18944K, 0% used [0x00000000e6800000,0x00000000e6800000,0x00000000e7a80000)
 ParOldGen       total 45568K, used 24251K [0x00000000a0000000, 0x00000000a2c80000, 0x00000000e0000000)
  object space 45568K, 53% used [0x00000000a0000000,0x00000000a17aee70,0x00000000a2c80000)
 Metaspace       used 34752K, capacity 35210K, committed 35496K, reserved 1081344K
  class space    used 4439K, capacity 4579K, committed 4608K, reserved 1048576K
Event: 4.955 GC heap after
Heap after GC invocations=9 (full 3):
 PSYoungGen      total 111616K, used 0K [0x00000000e0000000, 0x00000000e9880000, 0x0000000100000000)
  eden space 106496K, 0% used [0x00000000e0000000,0x00000000e0000000,0x00000000e6800000)
  from space 5120K, 0% used [0x00000000e7a80000,0x00000000e7a80000,0x00000000e7f80000)
  to   space 18944K, 0% used [0x00000000e6800000,0x00000000e6800000,0x00000000e7a80000)
 ParOldGen       total 73728K, used 20220K [0x00000000a0000000, 0x00000000a4800000, 0x00000000e0000000)
  object space 73728K, 27% used [0x00000000a0000000,0x00000000a13bf060,0x00000000a4800000)
 Metaspace       used 34752K, capacity 35210K, committed 35496K, reserved 1081344K
  class space    used 4439K, capacity 4579K, committed 4608K, reserved 1048576K
}
Event: 7.511 GC heap before
{Heap before GC invocations=10 (full 3):
 PSYoungGen      total 111616K, used 106496K [0x00000000e0000000, 0x00000000e9880000, 0x0000000100000000)
  eden space 106496K, 100% used [0x00000000e0000000,0x00000000e6800000,0x00000000e6800000)
  from space 5120K, 0% used [0x00000000e7a80000,0x00000000e7a80000,0x00000000e7f80000)
  to   space 18944K, 0% used [0x00000000e6800000,0x00000000e6800000,0x00000000e7a80000)
 ParOldGen       total 73728K, used 20220K [0x00000000a0000000, 0x00000000a4800000, 0x00000000e0000000)
  object space 73728K, 27% used [0x00000000a0000000,0x00000000a13bf060,0x00000000a4800000)
 Metaspace       used 39599K, capacity 40194K, committed 40576K, reserved 1085440K
  class space    used 4978K, capacity 5131K, committed 5248K, reserved 1048576K

